  Main.cpp
C:\Users\adri_\OneDrive\UPV\4º\SGI\Practicas_GL_\Lab_06\config.h(22,30): warning C4305: 'inicializando': truncamiento de 'double' a 'float'
  (compilando archivo de origen "Main.cpp")
  
C:\Users\adri_\OneDrive\UPV\4º\SGI\Practicas_GL_\Lab_06\Meteorito.h(53,37): warning C4244: 'argumento': conversión de 'double' a 'float'; posible pérdida de datos
  (compilando archivo de origen "Main.cpp")
  
C:\Users\adri_\OneDrive\UPV\4º\SGI\Practicas_GL_\Lab_06\Meteorito.h(54,37): warning C4244: 'argumento': conversión de 'double' a 'float'; posible pérdida de datos
  (compilando archivo de origen "Main.cpp")
  
C:\Users\adri_\OneDrive\UPV\4º\SGI\Practicas_GL_\Lab_06\Meteorito.h(55,37): warning C4244: 'argumento': conversión de 'double' a 'float'; posible pérdida de datos
  (compilando archivo de origen "Main.cpp")
  
C:\Users\adri_\OneDrive\UPV\4º\SGI\Practicas_GL_\Lab_06\Meteorito.h(57,16): warning C4244: 'argumento': conversión de 'int' a 'GLfloat'; posible pérdida de datos
  (compilando archivo de origen "Main.cpp")
  
C:\Users\adri_\OneDrive\UPV\4º\SGI\Practicas_GL_\Lab_06\Meteorito.h(59,37): warning C4244: 'argumento': conversión de 'double' a 'float'; posible pérdida de datos
  (compilando archivo de origen "Main.cpp")
  
C:\Users\adri_\OneDrive\UPV\4º\SGI\Practicas_GL_\Lab_06\Meteorito.h(59,26): warning C4305: 'argumento': truncamiento de 'double' a 'float'
  (compilando archivo de origen "Main.cpp")
  
C:\Users\adri_\OneDrive\UPV\4º\SGI\Practicas_GL_\Lab_06\Meteorito.h(87,37): warning C4244: 'argumento': conversión de 'int' a 'float'; posible pérdida de datos
  (compilando archivo de origen "Main.cpp")
  
C:\Users\adri_\OneDrive\UPV\4º\SGI\Practicas_GL_\Lab_06\Meteorito.h(87,22): warning C4244: 'argumento': conversión de 'int' a 'float'; posible pérdida de datos
  (compilando archivo de origen "Main.cpp")
  
C:\Users\adri_\OneDrive\UPV\4º\SGI\Practicas_GL_\Lab_06\Meteorito.h(88,37): warning C4244: 'argumento': conversión de 'int' a 'float'; posible pérdida de datos
  (compilando archivo de origen "Main.cpp")
  
C:\Users\adri_\OneDrive\UPV\4º\SGI\Practicas_GL_\Lab_06\Meteorito.h(88,22): warning C4244: 'argumento': conversión de 'int' a 'float'; posible pérdida de datos
  (compilando archivo de origen "Main.cpp")
  
C:\Users\adri_\OneDrive\UPV\4º\SGI\Practicas_GL_\Lab_06\Main.cpp(143,12): warning C4244: 'inicializando': conversión de 'float' a 'int'; posible pérdida de datos
C:\Users\adri_\OneDrive\UPV\4º\SGI\Practicas_GL_\Lab_06\Main.cpp(161,33): warning C4305: 'argumento': truncamiento de 'double' a 'GLfloat'
C:\Users\adri_\OneDrive\UPV\4º\SGI\Practicas_GL_\Lab_06\Main.cpp(161,26): warning C4244: 'argumento': conversión de 'int' a 'GLfloat'; posible pérdida de datos
C:\Users\adri_\OneDrive\UPV\4º\SGI\Practicas_GL_\Lab_06\Main.cpp(463,15): warning C4244: 'inicializando': conversión de 'float' a 'int'; posible pérdida de datos
C:\Users\adri_\OneDrive\UPV\4º\SGI\Practicas_GL_\Lab_06\Main.cpp(464,15): warning C4244: 'inicializando': conversión de 'float' a 'int'; posible pérdida de datos
C:\Users\adri_\OneDrive\UPV\4º\SGI\Practicas_GL_\Lab_06\Main.cpp(649,30): warning C4244: 'inicializando': conversión de 'double' a 'GLfloat'; posible pérdida de datos
C:\Users\adri_\OneDrive\UPV\4º\SGI\Practicas_GL_\Lab_06\Main.cpp(650,27): warning C4244: '=': conversión de 'int' a 'float'; posible pérdida de datos
C:\Users\adri_\OneDrive\UPV\4º\SGI\Practicas_GL_\Lab_06\Main.cpp(651,27): warning C4244: '=': conversión de 'int' a 'float'; posible pérdida de datos
  Generando código
  2 of 219 functions ( 0.9%) were compiled, the rest were copied from previous compilation.
    0 functions were new in current compilation
    1 functions had inline decision re-evaluated but remain unchanged
  Generación de código finalizada
  Lab_06.vcxproj -> C:\Users\adri_\OneDrive\UPV\4º\SGI\Practicas_GL_\Lab_06\Lab_06.exe
